	Tue, 13 May 2025 21:25:11 +0530	C:\xampp10.2.01\htdocs\Biz_convo\api		Please give the Token
	Tue, 13 May 2025 21:25:14 +0530	C:\xampp10.2.01\htdocs\Biz_convo\api		Please give the Token
	Tue, 13 May 2025 21:25:16 +0530	C:\xampp10.2.01\htdocs\Biz_convo\api		Please give the Token
	Tue, 13 May 2025 21:25:18 +0530	C:\xampp10.2.01\htdocs\Biz_convo\api	1	logout from the application USER ID: 
	Tue, 13 May 2025 21:25:26 +0530	C:\xampp10.2.01\htdocs\Biz_convo\api		logged into the application
	Tue, 13 May 2025 21:25:26 +0530	C:\xampp10.2.01\htdocs\Biz_convo\api		Please give the Token
	Tue, 13 May 2025 21:25:26 +0530	C:\xampp10.2.01\htdocs\Biz_convo\api		Please give the Token
	Tue, 13 May 2025 21:25:30 +0530	C:\xampp10.2.01\htdocs\Biz_convo\api		Please give the Token
	Tue, 13 May 2025 21:25:33 +0530	C:\xampp10.2.01\htdocs\Biz_convo\api		Please give the Token
	Tue, 13 May 2025 21:25:34 +0530	C:\xampp10.2.01\htdocs\Biz_convo\api		Please give the Token
	Tue, 13 May 2025 21:25:34 +0530	C:\xampp10.2.01\htdocs\Biz_convo\api		Please give the Token
	Tue, 13 May 2025 21:25:34 +0530	C:\xampp10.2.01\htdocs\Biz_convo\api		Please give the Token
	Tue, 13 May 2025 21:25:34 +0530	C:\xampp10.2.01\htdocs\Biz_convo\api		Please give the Token
	Tue, 13 May 2025 21:25:58 +0530	C:\xampp10.2.01\htdocs\Biz_convo\api		Please give the Token
	Tue, 13 May 2025 21:26:02 +0530	C:\xampp10.2.01\htdocs\Biz_convo\api		Please give the Token
	Tue, 13 May 2025 21:26:10 +0530	C:\xampp10.2.01\htdocs\Biz_convo\api		Please give the Token
	Tue, 13 May 2025 21:26:14 +0530	C:\xampp10.2.01\htdocs\Biz_convo\api		Please give the Token
	Tue, 13 May 2025 21:26:15 +0530	C:\xampp10.2.01\htdocs\Biz_convo\api		Please give the Token
	Tue, 13 May 2025 21:26:21 +0530	C:\xampp10.2.01\htdocs\Biz_convo\api		Please give the Token
	Tue, 13 May 2025 21:26:23 +0530	C:\xampp10.2.01\htdocs\Biz_convo\api		Please give the Token
	Tue, 13 May 2025 21:26:26 +0530	C:\xampp10.2.01\htdocs\Biz_convo\api		Please give the Token
	Tue, 13 May 2025 21:26:40 +0530	C:\xampp10.2.01\htdocs\Biz_convo\api		Please give the Token
	Tue, 13 May 2025 21:26:50 +0530	C:\xampp10.2.01\htdocs\Biz_convo\api		Please give the Token
	Wed, 14 May 2025 11:11:27 +0530	C:\xampp10.2.01\htdocs\Biz_convo\api		logged into the application
	Wed, 14 May 2025 11:11:29 +0530	C:\xampp10.2.01\htdocs\Biz_convo\api		Please give the Token
	Wed, 14 May 2025 11:11:29 +0530	C:\xampp10.2.01\htdocs\Biz_convo\api		Please give the Token
	Wed, 14 May 2025 11:12:57 +0530	C:\xampp10.2.01\htdocs\Biz_convo\api		Please give the Token
	Wed, 14 May 2025 11:12:59 +0530	C:\xampp10.2.01\htdocs\Biz_convo\api		Please give the Token
	Wed, 14 May 2025 11:21:46 +0530	C:\xampp10.2.01\htdocs\Biz_convo\api		Please give the Token
	Wed, 14 May 2025 11:21:48 +0530	C:\xampp10.2.01\htdocs\Biz_convo\api		Please give the Token
	Wed, 14 May 2025 11:21:53 +0530	C:\xampp10.2.01\htdocs\Biz_convo\api		Please give the Token
	Wed, 14 May 2025 11:21:56 +0530	C:\xampp10.2.01\htdocs\Biz_convo\api		Please give the Token
	Wed, 14 May 2025 11:22:15 +0530	C:\xampp10.2.01\htdocs\Biz_convo\api		Please give the Token
	Wed, 14 May 2025 11:23:21 +0530	C:\xampp10.2.01\htdocs\Biz_convo\api		Please give the Token
	Wed, 14 May 2025 11:23:23 +0530	C:\xampp10.2.01\htdocs\Biz_convo\api		Please give the Token
	Wed, 14 May 2025 11:23:43 +0530	C:\xampp10.2.01\htdocs\Biz_convo\api		Unauthorized Login
	Wed, 14 May 2025 11:23:52 +0530	C:\xampp10.2.01\htdocs\Biz_convo\api	36	logout from the application USER ID: 
	Wed, 14 May 2025 11:23:56 +0530	C:\xampp10.2.01\htdocs\Biz_convo\api		Please give the Token
	Wed, 14 May 2025 11:24:18 +0530	C:\xampp10.2.01\htdocs\Biz_convo\api		Please give the Token
	Wed, 14 May 2025 11:24:27 +0530	C:\xampp10.2.01\htdocs\Biz_convo\api		Please give the Token
	Wed, 14 May 2025 11:24:30 +0530	C:\xampp10.2.01\htdocs\Biz_convo\api		Please give the Token
	Wed, 14 May 2025 11:24:48 +0530	C:\xampp10.2.01\htdocs\Biz_convo\api		Please give the Token
	Wed, 14 May 2025 11:25:06 +0530	C:\xampp10.2.01\htdocs\Biz_convo\api		Please give the Token
	Wed, 14 May 2025 11:25:20 +0530	C:\xampp10.2.01\htdocs\Biz_convo\api		Please give the Token
	Wed, 14 May 2025 11:27:16 +0530	C:\xampp10.2.01\htdocs\Biz_convo\api		Please give the Token
	Wed, 14 May 2025 11:27:20 +0530	C:\xampp10.2.01\htdocs\Biz_convo\api		Please give the Token
	Wed, 14 May 2025 11:27:20 +0530	C:\xampp10.2.01\htdocs\Biz_convo\api		Please give the Token
	Wed, 14 May 2025 11:27:20 +0530	C:\xampp10.2.01\htdocs\Biz_convo\api		Please give the Token
	Wed, 14 May 2025 11:27:20 +0530	C:\xampp10.2.01\htdocs\Biz_convo\api		Please give the Token
	Wed, 14 May 2025 11:27:28 +0530	C:\xampp10.2.01\htdocs\Biz_convo\api		Please give the Token
	Wed, 14 May 2025 11:28:11 +0530	C:\xampp10.2.01\htdocs\Biz_convo\api		Please give the Token
	Wed, 14 May 2025 11:28:11 +0530	C:\xampp10.2.01\htdocs\Biz_convo\api		Unauthorized Login
	Wed, 14 May 2025 11:28:13 +0530	C:\xampp10.2.01\htdocs\Biz_convo\api		Please give the Token
	Wed, 14 May 2025 11:28:13 +0530	C:\xampp10.2.01\htdocs\Biz_convo\api		Unauthorized Login
	Wed, 14 May 2025 11:28:19 +0530	C:\xampp10.2.01\htdocs\Biz_convo\api		Please give the Token
	Wed, 14 May 2025 11:28:19 +0530	C:\xampp10.2.01\htdocs\Biz_convo\api		Unauthorized Login
	Wed, 14 May 2025 11:28:22 +0530	C:\xampp10.2.01\htdocs\Biz_convo\api		There is no active user found with this USER ID: 
	Wed, 14 May 2025 11:28:24 +0530	C:\xampp10.2.01\htdocs\Biz_convo\api		Vendor ID not found for user ID: 1
	Wed, 14 May 2025 11:29:03 +0530	C:\xampp10.2.01\htdocs\Biz_convo\api		Please give the Token
	Wed, 14 May 2025 11:29:03 +0530	C:\xampp10.2.01\htdocs\Biz_convo\api		Please give the Token
	Wed, 14 May 2025 11:29:03 +0530	C:\xampp10.2.01\htdocs\Biz_convo\api		Please give the Token
	Wed, 14 May 2025 11:29:03 +0530	C:\xampp10.2.01\htdocs\Biz_convo\api		Please give the Token
	Wed, 14 May 2025 11:29:21 +0530	C:\xampp10.2.01\htdocs\Biz_convo\api		Please give the Token
	Wed, 14 May 2025 11:32:37 +0530	C:\xampp10.2.01\htdocs\Biz_convo\api		Please give the Token
	Wed, 14 May 2025 11:57:47 +0530	C:\xampp10.2.01\htdocs\Biz_convo\api		Please give the Token
	Wed, 14 May 2025 11:57:49 +0530	C:\xampp10.2.01\htdocs\Biz_convo\api		Please give the Token
	Wed, 14 May 2025 11:57:49 +0530	C:\xampp10.2.01\htdocs\Biz_convo\api		Please give the Token
	Wed, 14 May 2025 11:57:54 +0530	C:\xampp10.2.01\htdocs\Biz_convo\api		Please give the Token
	Wed, 14 May 2025 12:04:22 +0530	C:\xampp10.2.01\htdocs\Biz_convo\api	1	logout from the application USER ID: 
	Wed, 14 May 2025 12:04:23 +0530	C:\xampp10.2.01\htdocs\Biz_convo\api		logged into the application
	Wed, 14 May 2025 12:04:43 +0530	C:\xampp10.2.01\htdocs\Biz_convo\api		Please give the Token
	Wed, 14 May 2025 12:04:43 +0530	C:\xampp10.2.01\htdocs\Biz_convo\api		Please give the Token
	Wed, 14 May 2025 12:04:43 +0530	C:\xampp10.2.01\htdocs\Biz_convo\api		Please give the Token
	Wed, 14 May 2025 12:13:38 +0530	C:\xampp10.2.01\htdocs\Biz_convo\api		Please give the Token
	Wed, 14 May 2025 12:14:42 +0530	C:\xampp10.2.01\htdocs\Biz_convo\api		Please give the Token
	Wed, 14 May 2025 12:18:58 +0530	C:\xampp10.2.01\htdocs\Biz_convo\api		Please give the Token
	Wed, 14 May 2025 12:19:17 +0530	C:\xampp10.2.01\htdocs\Biz_convo\api		Please give the Token
	Wed, 14 May 2025 12:19:30 +0530	C:\xampp10.2.01\htdocs\Biz_convo\api		Please give the Token
	Wed, 14 May 2025 12:19:41 +0530	C:\xampp10.2.01\htdocs\Biz_convo\api		Please give the Token
	Wed, 14 May 2025 12:19:43 +0530	C:\xampp10.2.01\htdocs\Biz_convo\api		Please give the Token
	Wed, 14 May 2025 12:19:43 +0530	C:\xampp10.2.01\htdocs\Biz_convo\api		Please give the Token
	Wed, 14 May 2025 12:20:07 +0530	C:\xampp10.2.01\htdocs\Biz_convo\api		Please give the Token
	Wed, 14 May 2025 12:20:19 +0530	C:\xampp10.2.01\htdocs\Biz_convo\api		Please give the Token
	Wed, 14 May 2025 12:22:16 +0530	C:\xampp10.2.01\htdocs\Biz_convo\api		Please give the Token
	Wed, 14 May 2025 12:22:19 +0530	C:\xampp10.2.01\htdocs\Biz_convo\api		Please give the Token
	Wed, 14 May 2025 12:28:08 +0530	C:\xampp10.2.01\htdocs\Biz_convo\api		Please give the Token
	Wed, 14 May 2025 12:28:08 +0530	C:\xampp10.2.01\htdocs\Biz_convo\api		Please give the Token
	Wed, 14 May 2025 12:28:08 +0530	C:\xampp10.2.01\htdocs\Biz_convo\api		Please give the Token
	Wed, 14 May 2025 12:28:09 +0530	C:\xampp10.2.01\htdocs\Biz_convo\api		Please give the Token
	Wed, 14 May 2025 12:34:31 +0530	C:\xampp10.2.01\htdocs\Biz_convo\api		Please give the Token
	Wed, 14 May 2025 12:34:33 +0530	C:\xampp10.2.01\htdocs\Biz_convo\api		Please give the Token
	Wed, 14 May 2025 12:34:47 +0530	C:\xampp10.2.01\htdocs\Biz_convo\api		Please give the Token
	Wed, 14 May 2025 12:34:57 +0530	C:\xampp10.2.01\htdocs\Biz_convo\api		Please give the Token
	Wed, 14 May 2025 12:35:40 +0530	C:\xampp10.2.01\htdocs\Biz_convo\api		Please give the Token
	Wed, 14 May 2025 12:36:49 +0530	C:\xampp10.2.01\htdocs\Biz_convo\api		Please give the Token
	Wed, 14 May 2025 12:37:44 +0530	C:\xampp10.2.01\htdocs\Biz_convo\api		Please give the Token
	Wed, 14 May 2025 13:50:58 +0530	C:\xampp10.2.01\htdocs\Biz_convo\api		Please give the Token
	Wed, 14 May 2025 13:51:00 +0530	C:\xampp10.2.01\htdocs\Biz_convo\api		Please give the Token
	Wed, 14 May 2025 13:51:11 +0530	C:\xampp10.2.01\htdocs\Biz_convo\api		Please give the Token
	Wed, 14 May 2025 13:51:12 +0530	C:\xampp10.2.01\htdocs\Biz_convo\api		Please give the Token
	Wed, 14 May 2025 13:51:44 +0530	C:\xampp10.2.01\htdocs\Biz_convo\api		Please give the Token
	Wed, 14 May 2025 13:51:44 +0530	C:\xampp10.2.01\htdocs\Biz_convo\api		Please give the Token
	Wed, 14 May 2025 13:59:20 +0530	C:\xampp10.2.01\htdocs\Biz_convo\api		Please give the Token
	Wed, 14 May 2025 13:59:22 +0530	C:\xampp10.2.01\htdocs\Biz_convo\api		Please give the Token
	Wed, 14 May 2025 13:59:22 +0530	C:\xampp10.2.01\htdocs\Biz_convo\api		Please give the Token
	Wed, 14 May 2025 13:59:22 +0530	C:\xampp10.2.01\htdocs\Biz_convo\api		Please give the Token
	Wed, 14 May 2025 13:59:22 +0530	C:\xampp10.2.01\htdocs\Biz_convo\api		Please give the Token
	Wed, 14 May 2025 14:02:21 +0530	C:\xampp10.2.01\htdocs\Biz_convo\api		Please give the Token
	Wed, 14 May 2025 14:02:21 +0530	C:\xampp10.2.01\htdocs\Biz_convo\api		Please give the Token
	Wed, 14 May 2025 14:02:21 +0530	C:\xampp10.2.01\htdocs\Biz_convo\api		Please give the Token
	Wed, 14 May 2025 14:02:29 +0530	C:\xampp10.2.01\htdocs\Biz_convo\api		Please give the Token
	Wed, 14 May 2025 14:02:42 +0530	C:\xampp10.2.01\htdocs\Biz_convo\api		Please give the Token
	Wed, 14 May 2025 14:55:55 +0530	C:\xampp10.2.01\htdocs\Biz_convo\api		Please give the Token
	Wed, 14 May 2025 14:56:24 +0530	C:\xampp10.2.01\htdocs\Biz_convo\api		Please give the Token
	Wed, 14 May 2025 14:56:28 +0530	C:\xampp10.2.01\htdocs\Biz_convo\api		Please give the Token
	Wed, 14 May 2025 14:56:38 +0530	C:\xampp10.2.01\htdocs\Biz_convo\api		Please give the Token
	Wed, 14 May 2025 14:56:44 +0530	C:\xampp10.2.01\htdocs\Biz_convo\api		Please give the Token
	Wed, 14 May 2025 14:56:50 +0530	C:\xampp10.2.01\htdocs\Biz_convo\api	36	logout from the application USER ID: 
	Wed, 14 May 2025 14:56:57 +0530	C:\xampp10.2.01\htdocs\Biz_convo\api		Please give the Token
	Wed, 14 May 2025 14:57:05 +0530	C:\xampp10.2.01\htdocs\Biz_convo\api		Please give the Token
	Wed, 14 May 2025 14:58:16 +0530	C:\xampp10.2.01\htdocs\Biz_convo\api	36	logout from the application USER ID: 
	Wed, 14 May 2025 14:58:50 +0530	C:\xampp10.2.01\htdocs\Biz_convo\api		Please give the Token
	Wed, 14 May 2025 14:58:55 +0530	C:\xampp10.2.01\htdocs\Biz_convo\api		Please give the Token
	Wed, 14 May 2025 14:58:57 +0530	C:\xampp10.2.01\htdocs\Biz_convo\api		Please give the Token
	Wed, 14 May 2025 14:59:07 +0530	C:\xampp10.2.01\htdocs\Biz_convo\api		Please give the Token
	Wed, 14 May 2025 14:59:12 +0530	C:\xampp10.2.01\htdocs\Biz_convo\api		Please give the Token
	Wed, 14 May 2025 15:00:34 +0530	C:\xampp10.2.01\htdocs\Biz_convo\api		Please give the Token
	Wed, 14 May 2025 15:00:40 +0530	C:\xampp10.2.01\htdocs\Biz_convo\api		Please give the Token
	Wed, 14 May 2025 15:00:41 +0530	C:\xampp10.2.01\htdocs\Biz_convo\api		Please give the Token
	Wed, 14 May 2025 15:00:41 +0530	C:\xampp10.2.01\htdocs\Biz_convo\api		Please give the Token
	Wed, 14 May 2025 15:00:44 +0530	C:\xampp10.2.01\htdocs\Biz_convo\api		Please give the Token
	Wed, 14 May 2025 15:01:53 +0530	C:\xampp10.2.01\htdocs\Biz_convo\api		Please give the Token
	Wed, 14 May 2025 15:02:15 +0530	C:\xampp10.2.01\htdocs\Biz_convo\api		Please give the Token
	Wed, 14 May 2025 15:02:38 +0530	C:\xampp10.2.01\htdocs\Biz_convo\api	8	logout from the application USER ID: 
	Wed, 14 May 2025 15:05:43 +0530	C:\xampp10.2.01\htdocs\Biz_convo\api	36	logout from the application USER ID: 
	Wed, 14 May 2025 15:06:13 +0530	C:\xampp10.2.01\htdocs\Biz_convo\api		Please give the Token
	Wed, 14 May 2025 15:06:16 +0530	C:\xampp10.2.01\htdocs\Biz_convo\api		Please give the Token
	Wed, 14 May 2025 15:06:16 +0530	C:\xampp10.2.01\htdocs\Biz_convo\api		Please give the Token
	Wed, 14 May 2025 15:06:18 +0530	C:\xampp10.2.01\htdocs\Biz_convo\api		Please give the Token
	Wed, 14 May 2025 15:06:25 +0530	C:\xampp10.2.01\htdocs\Biz_convo\api		Please give the Token
	Wed, 14 May 2025 15:06:25 +0530	C:\xampp10.2.01\htdocs\Biz_convo\api		Please give the Token
	Wed, 14 May 2025 15:06:25 +0530	C:\xampp10.2.01\htdocs\Biz_convo\api		Please give the Token
	Wed, 14 May 2025 15:06:28 +0530	C:\xampp10.2.01\htdocs\Biz_convo\api		Please give the Token
	Wed, 14 May 2025 15:06:34 +0530	C:\xampp10.2.01\htdocs\Biz_convo\api		Please give the Token
	Wed, 14 May 2025 15:06:48 +0530	C:\xampp10.2.01\htdocs\Biz_convo\api		Please give the Token
	Wed, 14 May 2025 15:06:48 +0530	C:\xampp10.2.01\htdocs\Biz_convo\api		Please give the Token
	Wed, 14 May 2025 15:06:48 +0530	C:\xampp10.2.01\htdocs\Biz_convo\api		Please give the Token
	Wed, 14 May 2025 15:06:48 +0530	C:\xampp10.2.01\htdocs\Biz_convo\api		Please give the Token
	Wed, 14 May 2025 15:07:36 +0530	C:\xampp10.2.01\htdocs\Biz_convo\api		Please give the Token
	Wed, 14 May 2025 15:08:47 +0530	C:\xampp10.2.01\htdocs\Biz_convo\api		Please give the Token
	Wed, 14 May 2025 15:10:51 +0530	C:\xampp10.2.01\htdocs\Biz_convo\api		Please give the Token
	Wed, 14 May 2025 15:11:11 +0530	C:\xampp10.2.01\htdocs\Biz_convo\api		Please give the Token
	Wed, 14 May 2025 15:12:15 +0530	C:\xampp10.2.01\htdocs\Biz_convo\api		Please give the Token
	Wed, 14 May 2025 15:12:25 +0530	C:\xampp10.2.01\htdocs\Biz_convo\api		Please give the Token
	Wed, 14 May 2025 15:13:48 +0530	C:\xampp10.2.01\htdocs\Biz_convo\api		Please give the Token
	Wed, 14 May 2025 15:14:07 +0530	C:\xampp10.2.01\htdocs\Biz_convo\api		Please give the Token
	Wed, 14 May 2025 15:14:32 +0530	C:\xampp10.2.01\htdocs\Biz_convo\api		Please give the Token
	Wed, 14 May 2025 15:17:52 +0530	C:\xampp10.2.01\htdocs\Biz_convo\api		Please give the Token
	Wed, 14 May 2025 15:18:56 +0530	C:\xampp10.2.01\htdocs\Biz_convo\api		Please give the Token
	Wed, 14 May 2025 15:33:12 +0530	C:\xampp10.2.01\htdocs\Biz_convo\api		Please give the Token
	Wed, 14 May 2025 16:07:32 +0530	C:\xampp10.2.01\htdocs\Biz_convo\api		Please give the Token
	Wed, 14 May 2025 16:07:38 +0530	C:\xampp10.2.01\htdocs\Biz_convo\api		Please give the Token
	Wed, 14 May 2025 16:08:19 +0530	C:\xampp10.2.01\htdocs\Biz_convo\api		Please give the Token
	Wed, 14 May 2025 16:11:57 +0530	C:\xampp10.2.01\htdocs\Biz_convo\api		Please give the Token
	Wed, 14 May 2025 16:17:38 +0530	C:\xampp10.2.01\htdocs\Biz_convo\api		Please give the Token
	Wed, 14 May 2025 16:19:08 +0530	C:\xampp10.2.01\htdocs\Biz_convo\api		Unauthorized Login
	Wed, 14 May 2025 16:51:14 +0530	C:\xampp10.2.01\htdocs\Biz_convo\api		Please give the Token
	Wed, 14 May 2025 16:51:43 +0530	C:\xampp10.2.01\htdocs\Biz_convo\api		Please give the Token
	Wed, 14 May 2025 17:07:35 +0530	C:\xampp10.2.01\htdocs\Biz_convo\api		Please give the Token
	Wed, 14 May 2025 17:13:29 +0530	C:\xampp10.2.01\htdocs\Biz_convo\api		Unauthorized Login
	Wed, 14 May 2025 17:14:51 +0530	C:\xampp10.2.01\htdocs\Biz_convo\api		Please give the Token
	Wed, 14 May 2025 17:18:04 +0530	C:\xampp10.2.01\htdocs\Biz_convo\api		Please give the Token
	Wed, 14 May 2025 17:19:22 +0530	C:\xampp10.2.01\htdocs\Biz_convo\api		Please give the Token
	Wed, 14 May 2025 17:34:23 +0530	C:\xampp10.2.01\htdocs\Biz_convo\api		Unauthorized Login
	Wed, 14 May 2025 19:10:02 +0530	C:\xampp10.2.01\htdocs\Biz_convo\api		Unauthorized Login
	Wed, 14 May 2025 19:13:54 +0530	C:\xampp10.2.01\htdocs\Biz_convo\api		Please give the Token
	Wed, 14 May 2025 19:17:04 +0530	C:\xampp10.2.01\htdocs\Biz_convo\api		Please give the Token
	Wed, 14 May 2025 19:17:05 +0530	C:\xampp10.2.01\htdocs\Biz_convo\api		Please give the Token
	Wed, 14 May 2025 19:22:58 +0530	C:\xampp10.2.01\htdocs\Biz_convo\api		Please give the Token
	Wed, 14 May 2025 19:23:16 +0530	C:\xampp10.2.01\htdocs\Biz_convo\api		Please give the Token
	Wed, 14 May 2025 19:24:19 +0530	C:\xampp10.2.01\htdocs\Biz_convo\api		Please give the Token
	Wed, 14 May 2025 19:24:19 +0530	C:\xampp10.2.01\htdocs\Biz_convo\api		Please give the Token
	Wed, 14 May 2025 19:24:19 +0530	C:\xampp10.2.01\htdocs\Biz_convo\api		Please give the Token
	Wed, 14 May 2025 19:24:19 +0530	C:\xampp10.2.01\htdocs\Biz_convo\api		Please give the Token
	Wed, 14 May 2025 19:24:27 +0530	C:\xampp10.2.01\htdocs\Biz_convo\api		Please give the Token
	Wed, 14 May 2025 19:27:20 +0530	C:\xampp10.2.01\htdocs\Biz_convo\api		Please give the Token
	Wed, 14 May 2025 19:27:22 +0530	C:\xampp10.2.01\htdocs\Biz_convo\api		Please give the Token
	Wed, 14 May 2025 19:27:22 +0530	C:\xampp10.2.01\htdocs\Biz_convo\api		Please give the Token
	Wed, 14 May 2025 19:27:22 +0530	C:\xampp10.2.01\htdocs\Biz_convo\api		Please give the Token
	Wed, 14 May 2025 19:27:22 +0530	C:\xampp10.2.01\htdocs\Biz_convo\api		Please give the Token
	Wed, 14 May 2025 19:29:01 +0530	C:\xampp10.2.01\htdocs\Biz_convo\api		Please give the Token
	Wed, 14 May 2025 19:29:26 +0530	C:\xampp10.2.01\htdocs\Biz_convo\api		Please give the Token
	Wed, 14 May 2025 19:34:44 +0530	C:\xampp10.2.01\htdocs\Biz_convo\api		Please give the Token
	Wed, 14 May 2025 19:34:54 +0530	C:\xampp10.2.01\htdocs\Biz_convo\api		Please give the Token
	Wed, 14 May 2025 19:35:11 +0530	C:\xampp10.2.01\htdocs\Biz_convo\api		Please give the Token
	Wed, 14 May 2025 19:35:14 +0530	C:\xampp10.2.01\htdocs\Biz_convo\api		Please give the Token
	Wed, 14 May 2025 19:35:33 +0530	C:\xampp10.2.01\htdocs\Biz_convo\api		Please give the Token
	Wed, 14 May 2025 19:35:52 +0530	C:\xampp10.2.01\htdocs\Biz_convo\api		Please give the Token
	Wed, 14 May 2025 19:42:06 +0530	C:\xampp10.2.01\htdocs\Biz_convo\api		Please give the Token
	Wed, 14 May 2025 19:43:26 +0530	C:\xampp10.2.01\htdocs\Biz_convo\api		Please give the Token
	Wed, 14 May 2025 19:43:26 +0530	C:\xampp10.2.01\htdocs\Biz_convo\api		Please give the Token
	Wed, 14 May 2025 19:46:44 +0530	C:\xampp10.2.01\htdocs\Biz_convo\api		Please give the Token
	Wed, 14 May 2025 19:47:06 +0530	C:\xampp10.2.01\htdocs\Biz_convo\api		Please give the Token
	Wed, 14 May 2025 19:47:09 +0530	C:\xampp10.2.01\htdocs\Biz_convo\api		Please give the Token
	Wed, 14 May 2025 19:47:11 +0530	C:\xampp10.2.01\htdocs\Biz_convo\api		Please give the Token
	Wed, 14 May 2025 19:47:18 +0530	C:\xampp10.2.01\htdocs\Biz_convo\api		Please give the Token
	Wed, 14 May 2025 19:47:23 +0530	C:\xampp10.2.01\htdocs\Biz_convo\api		Please give the Token
	Wed, 14 May 2025 19:47:28 +0530	C:\xampp10.2.01\htdocs\Biz_convo\api		Please give the Token
	Wed, 14 May 2025 19:47:32 +0530	C:\xampp10.2.01\htdocs\Biz_convo\api		Please give the Token
	Wed, 14 May 2025 19:47:38 +0530	C:\xampp10.2.01\htdocs\Biz_convo\api		Please give the Token
	Wed, 14 May 2025 19:47:45 +0530	C:\xampp10.2.01\htdocs\Biz_convo\api		Please give the Token
	Wed, 14 May 2025 19:49:13 +0530	C:\xampp10.2.01\htdocs\Biz_convo\api		Please give the Token
	Wed, 14 May 2025 19:49:17 +0530	C:\xampp10.2.01\htdocs\Biz_convo\api		Please give the Token
	Wed, 14 May 2025 19:49:18 +0530	C:\xampp10.2.01\htdocs\Biz_convo\api		Please give the Token
	Wed, 14 May 2025 19:49:26 +0530	C:\xampp10.2.01\htdocs\Biz_convo\api		Please give the Token
	Wed, 14 May 2025 19:49:34 +0530	C:\xampp10.2.01\htdocs\Biz_convo\api		Please give the Token
	Wed, 14 May 2025 19:49:52 +0530	C:\xampp10.2.01\htdocs\Biz_convo\api		Please give the Token
	Wed, 14 May 2025 19:49:56 +0530	C:\xampp10.2.01\htdocs\Biz_convo\api		Please give the Token
	Wed, 14 May 2025 19:49:56 +0530	C:\xampp10.2.01\htdocs\Biz_convo\api		Please give the Token
	Wed, 14 May 2025 19:50:03 +0530	C:\xampp10.2.01\htdocs\Biz_convo\api		Please give the Token
	Wed, 14 May 2025 19:54:07 +0530	C:\xampp10.2.01\htdocs\Biz_convo\api		Please give the Token
	Wed, 14 May 2025 20:24:33 +0530	C:\xampp10.2.01\htdocs\Biz_convo\api		Please give the Token
	Wed, 14 May 2025 20:24:39 +0530	C:\xampp10.2.01\htdocs\Biz_convo\api		Please give the Token
	Wed, 14 May 2025 20:29:48 +0530	C:\xampp10.2.01\htdocs\Biz_convo\api	1	logout from the application USER ID: 
	Wed, 14 May 2025 20:33:03 +0530	C:\xampp10.2.01\htdocs\Biz_convo\api		Vendor ID not found for user ID: 1
	Wed, 14 May 2025 20:33:34 +0530	C:\xampp10.2.01\htdocs\Biz_convo\api		logged into the application
	Wed, 14 May 2025 20:33:34 +0530	C:\xampp10.2.01\htdocs\Biz_convo\api		Please give the Token
	Wed, 14 May 2025 20:33:34 +0530	C:\xampp10.2.01\htdocs\Biz_convo\api		Please give the Token
	Wed, 14 May 2025 20:33:42 +0530	C:\xampp10.2.01\htdocs\Biz_convo\api		Please give the Token
	Wed, 14 May 2025 20:33:43 +0530	C:\xampp10.2.01\htdocs\Biz_convo\api		Please give the Token
	Wed, 14 May 2025 20:33:47 +0530	C:\xampp10.2.01\htdocs\Biz_convo\api		Please give the Token
	Wed, 14 May 2025 20:33:47 +0530	C:\xampp10.2.01\htdocs\Biz_convo\api		Please give the Token
	Wed, 14 May 2025 20:34:11 +0530	C:\xampp10.2.01\htdocs\Biz_convo\api		Please give the Token
	Wed, 14 May 2025 20:34:13 +0530	C:\xampp10.2.01\htdocs\Biz_convo\api		Please give the Token
	Wed, 14 May 2025 20:34:36 +0530	C:\xampp10.2.01\htdocs\Biz_convo\api		Please give the Token
	Wed, 14 May 2025 20:34:40 +0530	C:\xampp10.2.01\htdocs\Biz_convo\api		Please give the Token
	Wed, 14 May 2025 20:34:42 +0530	C:\xampp10.2.01\htdocs\Biz_convo\api		Please give the Token
	Wed, 14 May 2025 20:34:47 +0530	C:\xampp10.2.01\htdocs\Biz_convo\api		Please give the Token
	Wed, 14 May 2025 20:35:08 +0530	C:\xampp10.2.01\htdocs\Biz_convo\api		Please give the Token
	Wed, 14 May 2025 20:36:20 +0530	C:\xampp10.2.01\htdocs\Biz_convo\api		Please give the Token
	Wed, 14 May 2025 20:36:46 +0530	C:\xampp10.2.01\htdocs\Biz_convo\api		Please give the Token
	Wed, 14 May 2025 21:16:14 +0530	C:\xampp10.2.01\htdocs\Biz_convo\api		Please give the Token
	Wed, 14 May 2025 21:16:18 +0530	C:\xampp10.2.01\htdocs\Biz_convo\api		Please give the Token
	Wed, 14 May 2025 21:16:38 +0530	C:\xampp10.2.01\htdocs\Biz_convo\api		Please give the Token
	Wed, 14 May 2025 21:16:38 +0530	C:\xampp10.2.01\htdocs\Biz_convo\api		Please give the Token
	Wed, 14 May 2025 21:16:52 +0530	C:\xampp10.2.01\htdocs\Biz_convo\api		Please give the Token
	Wed, 14 May 2025 21:16:57 +0530	C:\xampp10.2.01\htdocs\Biz_convo\api		Please give the Token
	Wed, 14 May 2025 21:17:01 +0530	C:\xampp10.2.01\htdocs\Biz_convo\api		Please give the Token
	Wed, 14 May 2025 21:17:06 +0530	C:\xampp10.2.01\htdocs\Biz_convo\api		Please give the Token
	Wed, 14 May 2025 21:17:41 +0530	C:\xampp10.2.01\htdocs\Biz_convo\api		Please give the Token
	Wed, 14 May 2025 21:17:54 +0530	C:\xampp10.2.01\htdocs\Biz_convo\api	36	logout from the application USER ID: 
	Wed, 14 May 2025 21:18:16 +0530	C:\xampp10.2.01\htdocs\Biz_convo\api		Please give the Token
	Wed, 14 May 2025 21:18:16 +0530	C:\xampp10.2.01\htdocs\Biz_convo\api		Please give the Token
	Wed, 14 May 2025 21:18:16 +0530	C:\xampp10.2.01\htdocs\Biz_convo\api		Please give the Token
	Wed, 14 May 2025 21:18:16 +0530	C:\xampp10.2.01\htdocs\Biz_convo\api		Please give the Token
	Wed, 14 May 2025 21:18:42 +0530	C:\xampp10.2.01\htdocs\Biz_convo\api		Please give the Token
	Wed, 14 May 2025 21:18:42 +0530	C:\xampp10.2.01\htdocs\Biz_convo\api		Please give the Token
	Wed, 14 May 2025 21:18:53 +0530	C:\xampp10.2.01\htdocs\Biz_convo\api		Please give the Token
	Wed, 14 May 2025 21:19:04 +0530	C:\xampp10.2.01\htdocs\Biz_convo\api		Please give the Token
	Wed, 14 May 2025 21:19:08 +0530	C:\xampp10.2.01\htdocs\Biz_convo\api		Please give the Token
	Wed, 14 May 2025 21:19:12 +0530	C:\xampp10.2.01\htdocs\Biz_convo\api		Please give the Token
	Wed, 14 May 2025 21:19:13 +0530	C:\xampp10.2.01\htdocs\Biz_convo\api		Please give the Token
	Wed, 14 May 2025 21:19:13 +0530	C:\xampp10.2.01\htdocs\Biz_convo\api		Please give the Token
	Wed, 14 May 2025 21:19:13 +0530	C:\xampp10.2.01\htdocs\Biz_convo\api		Please give the Token
	Wed, 14 May 2025 21:24:41 +0530	C:\xampp10.2.01\htdocs\Biz_convo\api		Please give the Token
	Wed, 14 May 2025 21:25:18 +0530	C:\xampp10.2.01\htdocs\Biz_convo\api		Please give the Token
	Wed, 14 May 2025 21:30:04 +0530	C:\xampp10.2.01\htdocs\Biz_convo\api		Please give the Token
	Wed, 14 May 2025 21:30:45 +0530	C:\xampp10.2.01\htdocs\Biz_convo\api		Please give the Token
	Wed, 14 May 2025 21:30:48 +0530	C:\xampp10.2.01\htdocs\Biz_convo\api		Please give the Token
	Wed, 14 May 2025 21:31:02 +0530	C:\xampp10.2.01\htdocs\Biz_convo\api		Please give the Token
	Wed, 14 May 2025 21:31:47 +0530	C:\xampp10.2.01\htdocs\Biz_convo\api		Please give the Token
	Wed, 14 May 2025 21:33:37 +0530	C:\xampp10.2.01\htdocs\Biz_convo\api		Please give the Token
	Wed, 14 May 2025 21:34:17 +0530	C:\xampp10.2.01\htdocs\Biz_convo\api		Please give the Token
	Wed, 14 May 2025 21:34:17 +0530	C:\xampp10.2.01\htdocs\Biz_convo\api		Please give the Token
	Wed, 14 May 2025 21:34:32 +0530	C:\xampp10.2.01\htdocs\Biz_convo\api		Please give the Token
	Wed, 14 May 2025 21:37:31 +0530	C:\xampp10.2.01\htdocs\Biz_convo\api		Please give the Token
	Wed, 14 May 2025 21:37:34 +0530	C:\xampp10.2.01\htdocs\Biz_convo\api		Please give the Token
	Wed, 14 May 2025 21:37:37 +0530	C:\xampp10.2.01\htdocs\Biz_convo\api		Please give the Token
	Wed, 14 May 2025 21:37:44 +0530	C:\xampp10.2.01\htdocs\Biz_convo\api		Please give the Token
	Wed, 14 May 2025 21:37:45 +0530	C:\xampp10.2.01\htdocs\Biz_convo\api		Please give the Token
	Wed, 14 May 2025 21:40:12 +0530	C:\xampp10.2.01\htdocs\Biz_convo\api		Please give the Token
	Wed, 14 May 2025 21:41:50 +0530	C:\xampp10.2.01\htdocs\Biz_convo\api		Please give the Token
	Wed, 14 May 2025 21:41:56 +0530	C:\xampp10.2.01\htdocs\Biz_convo\api		Please give the Token
	Wed, 14 May 2025 21:42:05 +0530	C:\xampp10.2.01\htdocs\Biz_convo\api		Please give the Token
	Wed, 14 May 2025 21:42:07 +0530	C:\xampp10.2.01\htdocs\Biz_convo\api		Please give the Token
	Wed, 14 May 2025 21:43:07 +0530	C:\xampp10.2.01\htdocs\Biz_convo\api		Please give the Token
	Wed, 14 May 2025 21:43:10 +0530	C:\xampp10.2.01\htdocs\Biz_convo\api		Please give the Token
	Wed, 14 May 2025 21:43:10 +0530	C:\xampp10.2.01\htdocs\Biz_convo\api		Please give the Token
	Wed, 14 May 2025 21:43:10 +0530	C:\xampp10.2.01\htdocs\Biz_convo\api		Please give the Token
	Wed, 14 May 2025 21:43:10 +0530	C:\xampp10.2.01\htdocs\Biz_convo\api		Please give the Token
	Wed, 14 May 2025 23:19:32 +0530	C:\xampp10.2.01\htdocs\Biz_convo\api		Please give the Token
	Wed, 14 May 2025 23:19:32 +0530	C:\xampp10.2.01\htdocs\Biz_convo\api		Please give the Token
	Wed, 14 May 2025 23:19:32 +0530	C:\xampp10.2.01\htdocs\Biz_convo\api		Please give the Token
	Wed, 14 May 2025 23:19:32 +0530	C:\xampp10.2.01\htdocs\Biz_convo\api		Please give the Token
	Wed, 14 May 2025 23:19:32 +0530	C:\xampp10.2.01\htdocs\Biz_convo\api		Please give the Token
	Wed, 14 May 2025 23:19:42 +0530	C:\xampp10.2.01\htdocs\Biz_convo\api		logged into the application
	Wed, 14 May 2025 23:19:42 +0530	C:\xampp10.2.01\htdocs\Biz_convo\api		Please give the Token
	Wed, 14 May 2025 23:19:46 +0530	C:\xampp10.2.01\htdocs\Biz_convo\api		Please give the Token
	Wed, 14 May 2025 23:19:47 +0530	C:\xampp10.2.01\htdocs\Biz_convo\api		Please give the Token
	Wed, 14 May 2025 23:19:49 +0530	C:\xampp10.2.01\htdocs\Biz_convo\api		Please give the Token
	Wed, 14 May 2025 23:19:49 +0530	C:\xampp10.2.01\htdocs\Biz_convo\api		Please give the Token
	Wed, 14 May 2025 23:19:49 +0530	C:\xampp10.2.01\htdocs\Biz_convo\api		Please give the Token
	Wed, 14 May 2025 23:19:52 +0530	C:\xampp10.2.01\htdocs\Biz_convo\api		Please give the Token
	Wed, 14 May 2025 23:20:00 +0530	C:\xampp10.2.01\htdocs\Biz_convo\api		Please give the Token
	Wed, 14 May 2025 23:20:02 +0530	C:\xampp10.2.01\htdocs\Biz_convo\api		Please give the Token
	Wed, 14 May 2025 23:20:02 +0530	C:\xampp10.2.01\htdocs\Biz_convo\api		Please give the Token
	Wed, 14 May 2025 23:20:02 +0530	C:\xampp10.2.01\htdocs\Biz_convo\api		Please give the Token
	Wed, 14 May 2025 23:20:02 +0530	C:\xampp10.2.01\htdocs\Biz_convo\api		Please give the Token
	Wed, 14 May 2025 23:21:50 +0530	C:\xampp10.2.01\htdocs\Biz_convo\api	1	logout from the application USER ID: 
	Thu, 15 May 2025 13:29:29 +0530	C:\xampp10.2.01\htdocs\Biz_convo\api		Unauthorized Login
	Thu, 15 May 2025 13:30:49 +0530	C:\xampp10.2.01\htdocs\Biz_convo\api		Unauthorized Login
	Thu, 15 May 2025 13:30:53 +0530	C:\xampp10.2.01\htdocs\Biz_convo\api		Unauthorized Login
	Thu, 15 May 2025 13:58:08 +0530	C:\xampp10.2.01\htdocs\Biz_convo\api		Please give the Token
	Thu, 15 May 2025 13:58:08 +0530	C:\xampp10.2.01\htdocs\Biz_convo\api		Unauthorized Login
	Thu, 15 May 2025 13:58:08 +0530	C:\xampp10.2.01\htdocs\Biz_convo\api		There is no active user found with this USER ID: 
	Thu, 15 May 2025 13:58:11 +0530	C:\xampp10.2.01\htdocs\Biz_convo\api		logged into the application
	Thu, 15 May 2025 13:58:11 +0530	C:\xampp10.2.01\htdocs\Biz_convo\api		Please give the Token
	Thu, 15 May 2025 13:58:14 +0530	C:\xampp10.2.01\htdocs\Biz_convo\api		Please give the Token
	Thu, 15 May 2025 13:58:16 +0530	C:\xampp10.2.01\htdocs\Biz_convo\api		Please give the Token
	Thu, 15 May 2025 13:58:18 +0530	C:\xampp10.2.01\htdocs\Biz_convo\api		Please give the Token
	Thu, 15 May 2025 14:00:16 +0530	C:\xampp10.2.01\htdocs\Biz_convo\api		Please give the Token
	Thu, 15 May 2025 14:37:03 +0530	C:\xampp10.2.01\htdocs\Biz_convo\api		Please give the Token
	Thu, 15 May 2025 14:37:05 +0530	C:\xampp10.2.01\htdocs\Biz_convo\api		Please give the Token
	Thu, 15 May 2025 14:37:09 +0530	C:\xampp10.2.01\htdocs\Biz_convo\api		Please give the Token
	Thu, 15 May 2025 14:37:11 +0530	C:\xampp10.2.01\htdocs\Biz_convo\api		Please give the Token
	Thu, 15 May 2025 14:37:14 +0530	C:\xampp10.2.01\htdocs\Biz_convo\api		Please give the Token
	Thu, 15 May 2025 14:37:14 +0530	C:\xampp10.2.01\htdocs\Biz_convo\api		Please give the Token
	Thu, 15 May 2025 13:43:32 +0000	/home/zyezo1znybqr/public_html/be/api	1	logout from the application USER ID: 
	Thu, 15 May 2025 13:43:45 +0000	/home/zyezo1znybqr/public_html/be/api		logged into the application
	Thu, 15 May 2025 20:20:21 +0530	/home/zyezo1znybqr/public_html/be/api		Vendor ID not found for user ID: 1
	Thu, 15 May 2025 20:20:28 +0530	/home/zyezo1znybqr/public_html/be/api		Vendor ID not found for user ID: 1
	Thu, 15 May 2025 20:20:35 +0530	/home/zyezo1znybqr/public_html/be/api		Vendor ID not found for user ID: 1
	Thu, 15 May 2025 20:20:47 +0530	/home/zyezo1znybqr/public_html/be/api		Vendor ID not found for user ID: 1
	Thu, 15 May 2025 20:20:59 +0530	/home/zyezo1znybqr/public_html/be/api		Vendor ID not found for user ID: 1
	Thu, 15 May 2025 20:21:20 +0530	/home/zyezo1znybqr/public_html/be/api		Vendor ID not found for user ID: 1
	Thu, 15 May 2025 20:21:24 +0530	/home/zyezo1znybqr/public_html/be/api		Vendor ID not found for user ID: 1
	Thu, 15 May 2025 20:21:27 +0530	/home/zyezo1znybqr/public_html/be/api		Vendor ID not found for user ID: 1
	Thu, 15 May 2025 20:21:30 +0530	/home/zyezo1znybqr/public_html/be/api		Vendor ID not found for user ID: 1
	Thu, 15 May 2025 20:21:33 +0530	/home/zyezo1znybqr/public_html/be/api		Vendor ID not found for user ID: 1
	Thu, 15 May 2025 20:21:55 +0530	/home/zyezo1znybqr/public_html/be/api		Vendor ID not found for user ID: 1
	Thu, 15 May 2025 20:22:00 +0530	/home/zyezo1znybqr/public_html/be/api		Vendor ID not found for user ID: 1
	Thu, 15 May 2025 20:22:04 +0530	/home/zyezo1znybqr/public_html/be/api		Vendor ID not found for user ID: 1
	Thu, 15 May 2025 20:22:18 +0530	/home/zyezo1znybqr/public_html/be/api		logged into the application
	Fri, 16 May 2025 10:51:36 +0530	/home/zyezo1znybqr/public_html/be/api		logged into the application
	Fri, 16 May 2025 12:01:22 +0530	/home/zyezo1znybqr/public_html/be/api		Please give the Token
	Fri, 16 May 2025 12:01:22 +0530	/home/zyezo1znybqr/public_html/be/api		Unauthorized Login
	Fri, 16 May 2025 13:27:54 +0530	/home/zyezo1znybqr/public_html/be/api		logged into the application
	Fri, 16 May 2025 19:32:36 +0530	/home/zyezo1znybqr/public_html/be/api		Please give the Token
	Fri, 16 May 2025 19:32:36 +0530	/home/zyezo1znybqr/public_html/be/api		Unauthorized Login
	Mon, 19 May 2025 11:57:49 +0530	/home/zyezo1znybqr/public_html/be/api	1	logout from the application USER ID: 
	Mon, 19 May 2025 11:57:52 +0530	/home/zyezo1znybqr/public_html/be/api		logged into the application
	Mon, 19 May 2025 13:24:50 +0530	/home/zyezo1znybqr/public_html/be/api		Please give the Token
	Mon, 19 May 2025 13:24:50 +0530	/home/zyezo1znybqr/public_html/be/api		Unauthorized Login
	Mon, 19 May 2025 15:15:41 +0530	/home/zyezo1znybqr/public_html/be/api		Invalid password
	Mon, 19 May 2025 15:41:48 +0530	/home/zyezo1znybqr/public_html/be/api		Please give the Token
	Mon, 19 May 2025 15:41:48 +0530	/home/zyezo1znybqr/public_html/be/api		Please give the Token
	Mon, 19 May 2025 16:48:39 +0530	/home/zyezo1znybqr/public_html/be/api		logged into the application
	Mon, 19 May 2025 16:48:39 +0530	/home/zyezo1znybqr/public_html/be/api		Please give the Token
	Mon, 19 May 2025 16:48:39 +0530	/home/zyezo1znybqr/public_html/be/api		Please give the Token
	Mon, 19 May 2025 16:48:45 +0530	/home/zyezo1znybqr/public_html/be/api		Please give the Token
	Mon, 19 May 2025 16:48:45 +0530	/home/zyezo1znybqr/public_html/be/api		Please give the Token
	Mon, 19 May 2025 16:48:49 +0530	/home/zyezo1znybqr/public_html/be/api		Please give the Token
	Mon, 19 May 2025 17:49:19 +0530	/home/zyezo1znybqr/public_html/be/api		Please give the Token
	Mon, 19 May 2025 17:49:19 +0530	/home/zyezo1znybqr/public_html/be/api		Please give the Token
	Mon, 19 May 2025 17:50:56 +0530	/home/zyezo1znybqr/public_html/be/api		Please give the Token
	Mon, 19 May 2025 18:49:19 +0530	/home/zyezo1znybqr/public_html/be/api		Please give the Token
	Mon, 19 May 2025 18:49:22 +0530	/home/zyezo1znybqr/public_html/be/api		Please give the Token
	Mon, 19 May 2025 18:49:32 +0530	/home/zyezo1znybqr/public_html/be/api		Please give the Token
	Tue, 20 May 2025 00:52:10 +0530	/home/zyezo1znybqr/public_html/be/api		Vendor ID not found for user ID: 1
	Tue, 20 May 2025 00:53:10 +0530	/home/zyezo1znybqr/public_html/be/api		logged into the application
	Tue, 20 May 2025 00:53:10 +0530	/home/zyezo1znybqr/public_html/be/api		Please give the Token
	Tue, 20 May 2025 00:53:10 +0530	/home/zyezo1znybqr/public_html/be/api		Please give the Token
	Tue, 20 May 2025 00:53:23 +0530	/home/zyezo1znybqr/public_html/be/api		Please give the Token
	Tue, 20 May 2025 10:39:46 +0530	/home/zyezo1znybqr/public_html/be/api		Vendor ID not found for user ID: 1
	Tue, 20 May 2025 10:39:49 +0530	/home/zyezo1znybqr/public_html/be/api		Vendor ID not found for user ID: 1
	Tue, 20 May 2025 10:40:02 +0530	/home/zyezo1znybqr/public_html/be/api		logged into the application
	Tue, 20 May 2025 10:40:02 +0530	/home/zyezo1znybqr/public_html/be/api		Please give the Token
	Tue, 20 May 2025 10:40:02 +0530	/home/zyezo1znybqr/public_html/be/api		Please give the Token
	Tue, 20 May 2025 10:40:09 +0530	/home/zyezo1znybqr/public_html/be/api		Please give the Token
	Tue, 20 May 2025 10:40:10 +0530	/home/zyezo1znybqr/public_html/be/api		Please give the Token
	Tue, 20 May 2025 10:40:13 +0530	/home/zyezo1znybqr/public_html/be/api		Please give the Token
	Tue, 20 May 2025 10:40:14 +0530	/home/zyezo1znybqr/public_html/be/api		Please give the Token
	Tue, 20 May 2025 10:40:15 +0530	/home/zyezo1znybqr/public_html/be/api		Please give the Token
	Tue, 20 May 2025 11:40:00 +0530	/home/zyezo1znybqr/public_html/be/api		Please give the Token
	Tue, 20 May 2025 11:40:04 +0530	/home/zyezo1znybqr/public_html/be/api		Please give the Token
	Tue, 20 May 2025 11:40:05 +0530	/home/zyezo1znybqr/public_html/be/api		Please give the Token
	Tue, 20 May 2025 11:40:13 +0530	/home/zyezo1znybqr/public_html/be/api		Please give the Token
	Tue, 20 May 2025 11:40:13 +0530	/home/zyezo1znybqr/public_html/be/api		Please give the Token
	Tue, 20 May 2025 11:40:13 +0530	/home/zyezo1znybqr/public_html/be/api		Please give the Token
	Tue, 20 May 2025 11:40:17 +0530	/home/zyezo1znybqr/public_html/be/api		Please give the Token
	Tue, 20 May 2025 11:47:58 +0530	/home/zyezo1znybqr/public_html/be/api		Please give the Token
	Tue, 20 May 2025 11:47:58 +0530	/home/zyezo1znybqr/public_html/be/api		Please give the Token
	Tue, 20 May 2025 11:47:59 +0530	/home/zyezo1znybqr/public_html/be/api		Vendor ID not found for user ID: 1
	Tue, 20 May 2025 11:48:09 +0530	/home/zyezo1znybqr/public_html/be/api		logged into the application
	Tue, 20 May 2025 11:48:09 +0530	/home/zyezo1znybqr/public_html/be/api		Please give the Token
	Tue, 20 May 2025 11:48:09 +0530	/home/zyezo1znybqr/public_html/be/api		Please give the Token
	Tue, 20 May 2025 11:48:13 +0530	/home/zyezo1znybqr/public_html/be/api		Please give the Token
	Tue, 20 May 2025 11:48:14 +0530	/home/zyezo1znybqr/public_html/be/api		Please give the Token
	Tue, 20 May 2025 11:48:17 +0530	/home/zyezo1znybqr/public_html/be/api		Please give the Token
	Tue, 20 May 2025 12:01:06 +0530	/home/zyezo1znybqr/public_html/be/api		logged into the application
	Wed, 21 May 2025 16:46:24 +0530	/home/zyezo1znybqr/public_html/be/api		logged into the application
	Wed, 21 May 2025 16:46:24 +0530	/home/zyezo1znybqr/public_html/be/api		Please give the Token
	Wed, 21 May 2025 16:46:24 +0530	/home/zyezo1znybqr/public_html/be/api		Please give the Token
	Wed, 21 May 2025 16:46:28 +0530	/home/zyezo1znybqr/public_html/be/api		Please give the Token
	Wed, 21 May 2025 16:46:30 +0530	/home/zyezo1znybqr/public_html/be/api		Please give the Token
	Wed, 21 May 2025 16:46:32 +0530	/home/zyezo1znybqr/public_html/be/api		Please give the Token
	Wed, 21 May 2025 16:48:00 +0530	/home/zyezo1znybqr/public_html/be/api		logged into the application
	Wed, 21 May 2025 16:48:00 +0530	/home/zyezo1znybqr/public_html/be/api		Please give the Token
	Wed, 21 May 2025 16:48:00 +0530	/home/zyezo1znybqr/public_html/be/api		Please give the Token
	Wed, 21 May 2025 16:48:04 +0530	/home/zyezo1znybqr/public_html/be/api		Please give the Token
	Wed, 21 May 2025 16:48:04 +0530	/home/zyezo1znybqr/public_html/be/api		Please give the Token
	Wed, 21 May 2025 16:48:08 +0530	/home/zyezo1znybqr/public_html/be/api		Please give the Token
	Thu, 22 May 2025 15:50:10 +0530	/home/zyezo1znybqr/public_html/be/api		User not found or inactive.
	Thu, 22 May 2025 15:52:52 +0530	/home/zyezo1znybqr/public_html/be/api		logged into the application
	Thu, 22 May 2025 16:16:52 +0530	/home/zyezo1znybqr/public_html/be/api		User not found or inactive.
	Thu, 22 May 2025 17:46:53 +0530	/home/zyezo1znybqr/public_html/be/api		logged into the application
	Thu, 22 May 2025 17:46:53 +0530	/home/zyezo1znybqr/public_html/be/api		Please give the Token
	Thu, 22 May 2025 17:46:53 +0530	/home/zyezo1znybqr/public_html/be/api		Please give the Token
	Thu, 22 May 2025 17:46:58 +0530	/home/zyezo1znybqr/public_html/be/api		Please give the Token
	Thu, 22 May 2025 17:47:09 +0530	/home/zyezo1znybqr/public_html/be/api	1	logout from the application USER ID: 
	Thu, 22 May 2025 19:03:57 +0530	/home/zyezo1znybqr/public_html/be/api		logged into the application
	Thu, 22 May 2025 19:03:57 +0530	/home/zyezo1znybqr/public_html/be/api		Please give the Token
	Thu, 22 May 2025 19:03:57 +0530	/home/zyezo1znybqr/public_html/be/api		Please give the Token
	Thu, 22 May 2025 19:04:30 +0530	/home/zyezo1znybqr/public_html/be/api		Please give the Token
	Thu, 22 May 2025 19:04:31 +0530	/home/zyezo1znybqr/public_html/be/api		Please give the Token
	Thu, 22 May 2025 19:04:40 +0530	/home/zyezo1znybqr/public_html/be/api		Please give the Token
	Thu, 22 May 2025 19:05:31 +0530	/home/zyezo1znybqr/public_html/be/api		Please give the Token
	Thu, 22 May 2025 19:05:37 +0530	/home/zyezo1znybqr/public_html/be/api		Please give the Token
	Thu, 22 May 2025 19:07:37 +0530	/home/zyezo1znybqr/public_html/be/api		Please give the Token
	Thu, 22 May 2025 19:15:39 +0530	/home/zyezo1znybqr/public_html/be/api		Please give the Token
	Thu, 22 May 2025 19:15:42 +0530	/home/zyezo1znybqr/public_html/be/api		Please give the Token
	Thu, 22 May 2025 19:15:45 +0530	/home/zyezo1znybqr/public_html/be/api		Please give the Token
	Thu, 22 May 2025 19:15:56 +0530	/home/zyezo1znybqr/public_html/be/api		Please give the Token
	Thu, 22 May 2025 19:16:12 +0530	/home/zyezo1znybqr/public_html/be/api		Please give the Token
	Thu, 22 May 2025 19:16:13 +0530	/home/zyezo1znybqr/public_html/be/api		Please give the Token
	Thu, 22 May 2025 19:16:15 +0530	/home/zyezo1znybqr/public_html/be/api		Please give the Token
	Thu, 22 May 2025 19:16:15 +0530	/home/zyezo1znybqr/public_html/be/api		Please give the Token
	Thu, 22 May 2025 19:16:15 +0530	/home/zyezo1znybqr/public_html/be/api		Please give the Token
	Thu, 22 May 2025 19:16:15 +0530	/home/zyezo1znybqr/public_html/be/api		Please give the Token
	Thu, 22 May 2025 19:17:53 +0530	/home/zyezo1znybqr/public_html/be/api		Please give the Token
	Thu, 22 May 2025 19:17:53 +0530	/home/zyezo1znybqr/public_html/be/api		Please give the Token
	Thu, 22 May 2025 19:17:53 +0530	/home/zyezo1znybqr/public_html/be/api		Please give the Token
	Thu, 22 May 2025 19:17:53 +0530	/home/zyezo1znybqr/public_html/be/api		Please give the Token
	Thu, 22 May 2025 19:18:01 +0530	/home/zyezo1znybqr/public_html/be/api		Please give the Token
	Thu, 22 May 2025 19:18:08 +0530	/home/zyezo1znybqr/public_html/be/api		Please give the Token
	Thu, 22 May 2025 19:18:27 +0530	/home/zyezo1znybqr/public_html/be/api		Please give the Token
	Thu, 22 May 2025 19:29:13 +0530	/home/zyezo1znybqr/public_html/be/api		Please give the Token
	Thu, 22 May 2025 19:29:16 +0530	/home/zyezo1znybqr/public_html/be/api		Please give the Token
	Thu, 22 May 2025 19:42:08 +0530	/home/zyezo1znybqr/public_html/be/api		Please give the Token
	Thu, 22 May 2025 19:42:08 +0530	/home/zyezo1znybqr/public_html/be/api		Please give the Token
	Thu, 22 May 2025 19:42:18 +0530	/home/zyezo1znybqr/public_html/be/api		Please give the Token
	Thu, 22 May 2025 19:42:22 +0530	/home/zyezo1znybqr/public_html/be/api		Please give the Token
	Thu, 22 May 2025 19:42:39 +0530	/home/zyezo1znybqr/public_html/be/api		Please give the Token
	Thu, 22 May 2025 19:43:17 +0530	/home/zyezo1znybqr/public_html/be/api		Please give the Token
	Thu, 22 May 2025 19:46:01 +0530	/home/zyezo1znybqr/public_html/be/api		Please give the Token
	Thu, 22 May 2025 19:46:33 +0530	/home/zyezo1znybqr/public_html/be/api		Please give the Token
	Thu, 22 May 2025 19:46:33 +0530	/home/zyezo1znybqr/public_html/be/api		Please give the Token
	Thu, 22 May 2025 19:51:29 +0530	/home/zyezo1znybqr/public_html/be/api		Please give the Token
	Thu, 22 May 2025 19:51:31 +0530	/home/zyezo1znybqr/public_html/be/api		Please give the Token
	Thu, 22 May 2025 19:51:31 +0530	/home/zyezo1znybqr/public_html/be/api		Please give the Token
	Thu, 22 May 2025 19:51:43 +0530	/home/zyezo1znybqr/public_html/be/api		Please give the Token
	Thu, 22 May 2025 19:51:47 +0530	/home/zyezo1znybqr/public_html/be/api		Please give the Token
	Thu, 22 May 2025 19:51:55 +0530	/home/zyezo1znybqr/public_html/be/api		Please give the Token
	Thu, 22 May 2025 19:51:55 +0530	/home/zyezo1znybqr/public_html/be/api		Please give the Token
	Thu, 22 May 2025 19:51:55 +0530	/home/zyezo1znybqr/public_html/be/api		Please give the Token
	Thu, 22 May 2025 19:51:55 +0530	/home/zyezo1znybqr/public_html/be/api		Please give the Token
	Thu, 22 May 2025 19:59:12 +0530	/home/zyezo1znybqr/public_html/be/api		Please give the Token
	Thu, 22 May 2025 20:08:33 +0530	/home/zyezo1znybqr/public_html/be/api		Please give the Token
	Thu, 22 May 2025 20:30:14 +0530	/home/zyezo1znybqr/public_html/be/api		Please give the Token
	Thu, 22 May 2025 20:30:14 +0530	/home/zyezo1znybqr/public_html/be/api		Please give the Token
	Thu, 22 May 2025 20:56:30 +0530	/home/zyezo1znybqr/public_html/be/api		logged into the application
	Thu, 22 May 2025 20:56:35 +0530	/home/zyezo1znybqr/public_html/be/api		Please give the Token
	Thu, 22 May 2025 20:56:36 +0530	/home/zyezo1znybqr/public_html/be/api		Please give the Token
	Thu, 22 May 2025 20:56:50 +0530	/home/zyezo1znybqr/public_html/be/api		Please give the Token
	Thu, 22 May 2025 20:56:50 +0530	/home/zyezo1znybqr/public_html/be/api		Please give the Token
	Thu, 22 May 2025 20:56:50 +0530	/home/zyezo1znybqr/public_html/be/api		Please give the Token
	Thu, 22 May 2025 20:56:52 +0530	/home/zyezo1znybqr/public_html/be/api		Please give the Token
	Thu, 22 May 2025 20:57:00 +0530	/home/zyezo1znybqr/public_html/be/api		Please give the Token
	Thu, 22 May 2025 20:57:04 +0530	/home/zyezo1znybqr/public_html/be/api		Please give the Token
	Thu, 22 May 2025 20:57:10 +0530	/home/zyezo1znybqr/public_html/be/api		Please give the Token
	Thu, 22 May 2025 20:57:31 +0530	/home/zyezo1znybqr/public_html/be/api		Please give the Token
	Thu, 22 May 2025 20:57:31 +0530	/home/zyezo1znybqr/public_html/be/api		Please give the Token
	Thu, 22 May 2025 20:57:31 +0530	/home/zyezo1znybqr/public_html/be/api		Please give the Token
	Thu, 22 May 2025 20:57:31 +0530	/home/zyezo1znybqr/public_html/be/api		Please give the Token
	Thu, 22 May 2025 21:09:52 +0530	/home/zyezo1znybqr/public_html/be/api		Please give the Token
	Thu, 22 May 2025 21:35:57 +0530	/home/zyezo1znybqr/public_html/be/api		logged into the application
	Thu, 22 May 2025 21:35:57 +0530	/home/zyezo1znybqr/public_html/be/api		Please give the Token
	Thu, 22 May 2025 21:35:57 +0530	/home/zyezo1znybqr/public_html/be/api		Please give the Token
	Fri, 23 May 2025 11:25:34 +0530	/home/zyezo1znybqr/public_html/be/api		logged into the application
	Fri, 23 May 2025 12:21:04 +0530	/home/zyezo1znybqr/public_html/be/api	1	logout from the application USER ID: 
	Fri, 23 May 2025 14:51:31 +0530	/home/zyezo1znybqr/public_html/be/api		logged into the application
	Fri, 23 May 2025 20:13:26 +0530	/home/zyezo1znybqr/public_html/be/api		logged into the application
	Sat, 24 May 2025 10:10:07 +0530	/home/zyezo1znybqr/public_html/be/api		User not found or inactive.
	Sat, 24 May 2025 10:10:30 +0530	/home/zyezo1znybqr/public_html/be/api		Vendor ID not found for user ID: 1
	Mon, 26 May 2025 11:13:49 +0530	/home/zyezo1znybqr/public_html/be/api		logged into the application
	Mon, 26 May 2025 11:13:49 +0530	/home/zyezo1znybqr/public_html/be/api		Please give the Token
	Mon, 26 May 2025 11:13:49 +0530	/home/zyezo1znybqr/public_html/be/api		Please give the Token
	Mon, 26 May 2025 11:13:54 +0530	/home/zyezo1znybqr/public_html/be/api		Please give the Token
	Mon, 26 May 2025 11:13:54 +0530	/home/zyezo1znybqr/public_html/be/api		Please give the Token
	Mon, 26 May 2025 11:14:00 +0530	/home/zyezo1znybqr/public_html/be/api		Please give the Token
	Mon, 26 May 2025 11:14:07 +0530	/home/zyezo1znybqr/public_html/be/api		Please give the Token
	Mon, 26 May 2025 11:20:07 +0530	/home/zyezo1znybqr/public_html/be/api		Please give the Token
	Mon, 26 May 2025 12:27:39 +0530	/home/zyezo1znybqr/public_html/be/api		Vendor ID not found for user ID: 1
	Mon, 26 May 2025 12:27:43 +0530	/home/zyezo1znybqr/public_html/be/api		logged into the application
	Mon, 26 May 2025 12:27:43 +0530	/home/zyezo1znybqr/public_html/be/api		Please give the Token
	Mon, 26 May 2025 12:27:43 +0530	/home/zyezo1znybqr/public_html/be/api		Please give the Token
	Mon, 26 May 2025 12:31:56 +0530	/home/zyezo1znybqr/public_html/be/api		logged into the application
	Mon, 26 May 2025 12:32:03 +0530	/home/zyezo1znybqr/public_html/be/api		Please give the Token
	Mon, 26 May 2025 12:32:04 +0530	/home/zyezo1znybqr/public_html/be/api		Please give the Token
	Mon, 26 May 2025 16:44:35 +0530	/home/zyezo1znybqr/public_html/be/api		logged into the application
	Mon, 26 May 2025 16:44:35 +0530	/home/zyezo1znybqr/public_html/be/api		Please give the Token
	Mon, 26 May 2025 16:44:35 +0530	/home/zyezo1znybqr/public_html/be/api		Please give the Token
	Mon, 26 May 2025 16:44:39 +0530	/home/zyezo1znybqr/public_html/be/api		Please give the Token
	Mon, 26 May 2025 16:44:40 +0530	/home/zyezo1znybqr/public_html/be/api		Please give the Token
	Mon, 26 May 2025 16:44:46 +0530	/home/zyezo1znybqr/public_html/be/api		Please give the Token
	Mon, 26 May 2025 17:06:49 +0530	/home/zyezo1znybqr/public_html/be/api		logged into the application
	Tue, 27 May 2025 11:13:10 +0530	/home/zyezo1znybqr/public_html/be/api		User not found or inactive.
	Tue, 27 May 2025 12:38:15 +0530	/home/zyezo1znybqr/public_html/be/api		Vendor ID not found for user ID: 1
	Tue, 27 May 2025 12:38:24 +0530	/home/zyezo1znybqr/public_html/be/api		logged into the application
	Tue, 27 May 2025 15:55:58 +0530	/home/zyezo1znybqr/public_html/be/api		logged into the application
	Wed, 28 May 2025 12:33:06 +0530	/home/zyezo1znybqr/public_html/be/api		User not found or inactive.
	Wed, 28 May 2025 12:33:12 +0530	/home/zyezo1znybqr/public_html/be/api		User not found or inactive.
	Thu, 29 May 2025 14:57:16 +0530	C:\xampp10.2.01\htdocs\Biz_convo\api		logged into the application
	Thu, 29 May 2025 15:00:38 +0530	C:\xampp10.2.01\htdocs\Biz_convo\api	1	logout from the application USER ID: 
	Thu, 29 May 2025 15:00:40 +0530	C:\xampp10.2.01\htdocs\Biz_convo\api		logged into the application
	Thu, 29 May 2025 15:00:58 +0530	C:\xampp10.2.01\htdocs\Biz_convo\api		Please give the Token
	Thu, 29 May 2025 15:01:00 +0530	C:\xampp10.2.01\htdocs\Biz_convo\api		Please give the Token
	Thu, 29 May 2025 15:01:14 +0530	C:\xampp10.2.01\htdocs\Biz_convo\api		Please give the Token
	Thu, 29 May 2025 15:01:29 +0530	C:\xampp10.2.01\htdocs\Biz_convo\api		Please give the Token
	Thu, 29 May 2025 15:01:35 +0530	C:\xampp10.2.01\htdocs\Biz_convo\api		Please give the Token
	Thu, 29 May 2025 15:01:36 +0530	C:\xampp10.2.01\htdocs\Biz_convo\api		Please give the Token
	Thu, 29 May 2025 15:01:45 +0530	C:\xampp10.2.01\htdocs\Biz_convo\api		Please give the Token
	Thu, 29 May 2025 15:01:51 +0530	C:\xampp10.2.01\htdocs\Biz_convo\api		Please give the Token
	Thu, 29 May 2025 15:01:53 +0530	C:\xampp10.2.01\htdocs\Biz_convo\api		Please give the Token
	Thu, 29 May 2025 15:01:53 +0530	C:\xampp10.2.01\htdocs\Biz_convo\api		Please give the Token
	Thu, 29 May 2025 15:02:01 +0530	C:\xampp10.2.01\htdocs\Biz_convo\api		Please give the Token
	Thu, 29 May 2025 15:02:01 +0530	C:\xampp10.2.01\htdocs\Biz_convo\api		Please give the Token
	Thu, 29 May 2025 15:02:01 +0530	C:\xampp10.2.01\htdocs\Biz_convo\api		Please give the Token
	Thu, 29 May 2025 15:02:05 +0530	C:\xampp10.2.01\htdocs\Biz_convo\api		Please give the Token
	Thu, 29 May 2025 15:02:48 +0530	C:\xampp10.2.01\htdocs\Biz_convo\api		Please give the Token
	Thu, 29 May 2025 15:02:48 +0530	C:\xampp10.2.01\htdocs\Biz_convo\api		Please give the Token
	Thu, 29 May 2025 15:02:48 +0530	C:\xampp10.2.01\htdocs\Biz_convo\api		Please give the Token
	Thu, 29 May 2025 15:02:48 +0530	C:\xampp10.2.01\htdocs\Biz_convo\api		Please give the Token
	Thu, 29 May 2025 15:03:55 +0530	C:\xampp10.2.01\htdocs\Biz_convo\api		Please give the Token
	Thu, 29 May 2025 15:04:05 +0530	C:\xampp10.2.01\htdocs\Biz_convo\api		Please give the Token
	Thu, 29 May 2025 15:07:50 +0530	C:\xampp10.2.01\htdocs\Biz_convo\api		Please give the Token
	Thu, 29 May 2025 15:19:34 +0530	C:\xampp10.2.01\htdocs\Biz_convo\api		logged into the application
	Thu, 29 May 2025 15:19:34 +0530	C:\xampp10.2.01\htdocs\Biz_convo\api		Please give the Token
	Thu, 29 May 2025 15:19:34 +0530	C:\xampp10.2.01\htdocs\Biz_convo\api		Please give the Token
	Thu, 29 May 2025 15:20:07 +0530	C:\xampp10.2.01\htdocs\Biz_convo\api		Please give the Token
	Thu, 29 May 2025 15:20:07 +0530	C:\xampp10.2.01\htdocs\Biz_convo\api		Please give the Token
	Thu, 29 May 2025 15:20:11 +0530	C:\xampp10.2.01\htdocs\Biz_convo\api		Please give the Token
	Thu, 29 May 2025 15:20:20 +0530	C:\xampp10.2.01\htdocs\Biz_convo\api		Please give the Token
	Thu, 29 May 2025 15:20:35 +0530	C:\xampp10.2.01\htdocs\Biz_convo\api		Please give the Token
	Thu, 29 May 2025 15:20:42 +0530	C:\xampp10.2.01\htdocs\Biz_convo\api		Please give the Token
	Thu, 29 May 2025 15:20:42 +0530	C:\xampp10.2.01\htdocs\Biz_convo\api		Please give the Token
	Thu, 29 May 2025 15:20:46 +0530	C:\xampp10.2.01\htdocs\Biz_convo\api		Please give the Token
	Thu, 29 May 2025 15:20:46 +0530	C:\xampp10.2.01\htdocs\Biz_convo\api		Please give the Token
	Thu, 29 May 2025 15:20:46 +0530	C:\xampp10.2.01\htdocs\Biz_convo\api		Please give the Token
	Thu, 29 May 2025 15:20:46 +0530	C:\xampp10.2.01\htdocs\Biz_convo\api		Please give the Token
	Thu, 29 May 2025 15:21:08 +0530	C:\xampp10.2.01\htdocs\Biz_convo\api		Please give the Token
	Thu, 29 May 2025 15:21:08 +0530	C:\xampp10.2.01\htdocs\Biz_convo\api		Please give the Token
	Thu, 29 May 2025 15:21:08 +0530	C:\xampp10.2.01\htdocs\Biz_convo\api		Please give the Token
	Thu, 29 May 2025 15:21:08 +0530	C:\xampp10.2.01\htdocs\Biz_convo\api		Please give the Token
	Thu, 29 May 2025 15:21:29 +0530	C:\xampp10.2.01\htdocs\Biz_convo\api		Please give the Token
	Thu, 29 May 2025 15:24:16 +0530	C:\xampp10.2.01\htdocs\Biz_convo\api		Please give the Token
	Thu, 29 May 2025 15:25:58 +0530	C:\xampp10.2.01\htdocs\Biz_convo\api		Please give the Token
	Thu, 29 May 2025 15:26:00 +0530	C:\xampp10.2.01\htdocs\Biz_convo\api		Please give the Token
	Thu, 29 May 2025 15:26:00 +0530	C:\xampp10.2.01\htdocs\Biz_convo\api		Please give the Token
	Thu, 29 May 2025 15:29:28 +0530	C:\xampp10.2.01\htdocs\Biz_convo\api	1	logout from the application USER ID: 
	Thu, 29 May 2025 15:30:10 +0530	C:\xampp10.2.01\htdocs\Biz_convo\api		logged into the application
	Thu, 29 May 2025 15:30:32 +0530	C:\xampp10.2.01\htdocs\Biz_convo\api		Please give the Token
	Thu, 29 May 2025 15:30:34 +0530	C:\xampp10.2.01\htdocs\Biz_convo\api		Please give the Token
	Thu, 29 May 2025 15:32:13 +0530	C:\xampp10.2.01\htdocs\Biz_convo\api		Please give the Token
	Thu, 29 May 2025 15:32:17 +0530	C:\xampp10.2.01\htdocs\Biz_convo\api		Please give the Token
	Thu, 29 May 2025 15:32:20 +0530	C:\xampp10.2.01\htdocs\Biz_convo\api		Please give the Token
	Thu, 29 May 2025 15:32:50 +0530	C:\xampp10.2.01\htdocs\Biz_convo\api		Please give the Token
	Thu, 29 May 2025 15:37:18 +0530	C:\xampp10.2.01\htdocs\Biz_convo\api		Please give the Token
	Thu, 29 May 2025 15:40:21 +0530	C:\xampp10.2.01\htdocs\Biz_convo\api		Please give the Token
	Thu, 29 May 2025 15:44:57 +0530	C:\xampp10.2.01\htdocs\Biz_convo\api		Please give the Token
	Thu, 29 May 2025 15:45:42 +0530	C:\xampp10.2.01\htdocs\Biz_convo\api		Please give the Token
	Thu, 29 May 2025 15:47:47 +0530	C:\xampp10.2.01\htdocs\Biz_convo\api		Please give the Token
	Thu, 29 May 2025 15:57:46 +0530	C:\xampp10.2.01\htdocs\Biz_convo\api	1	logout from the application USER ID: 
	Thu, 29 May 2025 16:01:14 +0530	C:\xampp10.2.01\htdocs\Biz_convo\api		logged into the application
	Thu, 29 May 2025 16:01:15 +0530	C:\xampp10.2.01\htdocs\Biz_convo\api		Please give the Token
	Thu, 29 May 2025 16:01:15 +0530	C:\xampp10.2.01\htdocs\Biz_convo\api		Please give the Token
	Thu, 29 May 2025 16:02:05 +0530	C:\xampp10.2.01\htdocs\Biz_convo\api		Please give the Token
	Thu, 29 May 2025 16:02:08 +0530	C:\xampp10.2.01\htdocs\Biz_convo\api		Please give the Token
	Thu, 29 May 2025 16:02:39 +0530	C:\xampp10.2.01\htdocs\Biz_convo\api		Please give the Token
	Thu, 29 May 2025 16:03:57 +0530	C:\xampp10.2.01\htdocs\Biz_convo\api		Please give the Token
	Thu, 29 May 2025 17:27:39 +0530	C:\xampp10.2.01\htdocs\Biz_convo\api		Please give the Token
	Thu, 29 May 2025 17:27:40 +0530	C:\xampp10.2.01\htdocs\Biz_convo\api		Please give the Token
	Thu, 29 May 2025 17:27:44 +0530	C:\xampp10.2.01\htdocs\Biz_convo\api		Please give the Token
	Thu, 29 May 2025 17:27:44 +0530	C:\xampp10.2.01\htdocs\Biz_convo\api		Please give the Token
	Thu, 29 May 2025 17:27:44 +0530	C:\xampp10.2.01\htdocs\Biz_convo\api		Please give the Token
	Thu, 29 May 2025 17:27:44 +0530	C:\xampp10.2.01\htdocs\Biz_convo\api		Please give the Token
