wamid.HBgMOTE3MDkyMDg1NDExFQIAEhggRjVEQkRERTM4QzNEM0JENzUxNDBDRjlCMzVGOTIwQjUA
wamid.HBgMOTE3MDkyMDg1NDExFQIAERgSQTlCRjZGQTI5RTMzNTZFOUI1AA==
wamid.HBgMOTE2Mzg0NjI2NDE4FQIAEhgUM0YzRThFOTQyMEJDRjEyMzRCNzQA
wamid.HBgMOTE2Mzg0NjI2NDE4FQIAERgSODMyQ0U4RDJCMDE2OEVDMURGAA==
wamid.HBgMOTE2Mzg0NjI2NDE4FQIAEhgUM0YzRUFCMUU4OEZGQ0ZFMzkxMDQA
wamid.HBgMOTE2Mzg0NjI2NDE4FQIAERgSRDZBQTlDMDM1Qzc5RUY0NjE5AA==
wamid.HBgMOTE2Mzg0NjI2NDE4FQIAEhgUM0ZENDE3MkE4NUVDQUM3RjdFMUEA
wamid.HBgMOTE2Mzg0NjI2NDE4FQIAERgSMUYxQkU2MzYwNzA1RjBDQkY0AA==
wamid.HBgMOTE2Mzg0NjI2NDE4FQIAEhgUM0YzRDc1RTlCNkNFQzE1NkUyNTkA
wamid.HBgMOTE2Mzg0NjI2NDE4FQIAERgSMTFEQTFDN0Q5Rjg4OTUyMTZDAA==
wamid.HBgMOTE2Mzg0NjI2NDE4FQIAEhgUM0ZFMjMwN0Y3NjExMUJGRkM1QTMA
wamid.HBgMOTE2Mzg0NjI2NDE4FQIAERgSMDNFRDAyRDFBMzlCNkE1MzIyAA==
wamid.HBgMOTE3MDkyMDg1NDExFQIAERgSMjI4NzU1QTkyRjAwMjE0M0FDAA==
wamid.HBgMOTE2Mzg0NjI2NDE4FQIAEhggQUMxNTEzMTRCODdDNzdGQTI0OEMzQTcxM0JDMkMxOUYA
wamid.HBgMOTE2Mzg0NjI2NDE4FQIAERgSOUQzQzFCNjJGQTRCMjIyMTUyAA==
wamid.HBgMOTE2Mzg0NjI2NDE4FQIAEhggREE1MDk3MDY3MkZEMjg4QjgwRkFCRUEyRjIxQTVGNkEA
wamid.HBgMOTE2Mzg0NjI2NDE4FQIAERgSNUUyNUU1N0Y1NEVCNzlDQTBGAA==
wamid.HBgMOTE2Mzg0NjI2NDE4FQIAEhggQjAzOTVEQTYyN0Y1OTFDNUNENkJGNTg4RDIwNEU0QTUA
wamid.HBgMOTE2Mzg0NjI2NDE4FQIAERgSNzY1MUZBMjlCRjFDMUI0ODNBAA==
wamid.HBgMOTE2Mzg0NjI2NDE4FQIAEhggNzIzOUNDOUM1QTVGNTI4MjIyRUFGMjk2M0U2MkJDMTYA
wamid.HBgMOTE2Mzg0NjI2NDE4FQIAERgSMDMzMUQ3RkY2RDQwOUI1NEQ2AA==
wamid.HBgMOTE3MDkyMDg1NDExFQIAERgSQjIwOThGODBGMDk3MzE2OEE1AA==
wamid.HBgMOTE2Mzg0NjI2NDE4FQIAERgSOUIzRjU2RTJCNzZDQjZERjIxAA==
wamid.HBgMOTE3MDkyMDg1NDExFQIAERgSNzQ5RjQzNTA2Q0FBOEUzNTE4AA==
wamid.HBgMOTE2Mzg0NjI2NDE4FQIAERgSNTRCRjk2RjJERkY4OUQ0QjE2AA==
wamid.HBgMOTE2Mzg0NjI2NDE4FQIAEhggQjU3RkNFQTE0MjQyNEQ5NDIxMjU3REUwRTVDNTJBODQA
wamid.HBgMOTE2Mzg0NjI2NDE4FQIAERgSMzNGOEJBQUNDNTdBQkQwOUREAA==
wamid.HBgMOTE2Mzg0NjI2NDE4FQIAEhggMTNBQTM1QjMwMDA1M0E4MjZCMTFCMjA4NDA3ODI5NUMA
wamid.HBgMOTE2Mzg0NjI2NDE4FQIAERgSMTI4RkU3MTQ2RTM2NDQxMEVFAA==
wamid.HBgMOTE2Mzg0NjI2NDE4FQIAEhggRDA0RjJDMDEyQTQ2RUEwOUYwNTE5MDk1RkQwRDFDMzcA
wamid.HBgMOTE2Mzg0NjI2NDE4FQIAERgSRjA5MjMxMDlENTQyNzQ4MDFEAA==
wamid.HBgMOTE2Mzg0NjI2NDE4FQIAEhggNTgxQjE0QkQwODUxMDc5OUI5NTg2QTA2M0FENjNBQkIA
wamid.HBgMOTE2Mzg0NjI2NDE4FQIAERgSQ0ZBQzJCMzdDRkU0Mzc4RTNEAA==
wamid.HBgMOTE2Mzg0NjI2NDE4FQIAEhggREI3QzdBRDQyNDg2OTNFODc0QjJGRDk2NzkwQzMwQkQA
wamid.HBgMOTE2Mzg0NjI2NDE4FQIAERgSRjlBRDc0MUExMTVEMkEyODRFAA==
wamid.HBgMOTE2Mzg0NjI2NDE4FQIAEhggREI3QzdBRDQyNDg2OTNFODc0QjJGRDk2NzkwQzMwQkQA
wamid.HBgMOTE2Mzg0NjI2NDE4FQIAEhggREI3QzdBRDQyNDg2OTNFODc0QjJGRDk2NzkwQzMwQkQA
wamid.HBgMOTE2Mzg0NjI2NDE4FQIAERgSNEJCNjI4NDZBQ0RFMjkwODFBAA==
wamid.HBgMOTE2Mzg0NjI2NDE4FQIAEhggREI3QzdBRDQyNDg2OTNFODc0QjJGRDk2NzkwQzMwQkQA
wamid.HBgMOTE2Mzg0NjI2NDE4FQIAERgSRjg3NEIxNzMzRkNDMTFEQjJCAA==
wamid.HBgMOTE2Mzg0NjI2NDE4FQIAERgSRjg3NEIxNzMzRkNDMTFEQjJCAA==
wamid.HBgMOTE2Mzg0NjI2NDE4FQIAEhggREI3QzdBRDQyNDg2OTNFODc0QjJGRDk2NzkwQzMwQkQA
wamid.HBgMOTE2Mzg0NjI2NDE4FQIAEhggREI3QzdBRDQyNDg2OTNFODc0QjJGRDk2NzkwQzMwQkQA
wamid.HBgMOTE5MDI1NzE0NDQ1FQIAERgSODIwMTkwNDBFMkZFRDg5RTFBAA==
wamid.HBgMOTE2Mzg0NjI2NDE4FQIAERgSRjg3NEIxNzMzRkNDMTFEQjJCAA==
wamid.HBgMOTE2Mzg0NjI2NDE4FQIAEhggNDk1MUQzMkRCNzlBOTI3M0YzRTI1NDhGRERBMTBDNkMA
wamid.HBgMOTE2Mzg0NjI2NDE4FQIAERgSNjRCMjE4MDg5QzhDMTI5MjUxAA==
wamid.HBgMOTE2Mzg0NjI2NDE4FQIAERgSNjRCMjE4MDg5QzhDMTI5MjUxAA==
wamid.HBgMOTE2Mzg0NjI2NDE4FQIAEhggMjE0MjYyNzY1MjNFNzAxOTc1NzQ0MzFEMTM2Mzg4NjMA
wamid.HBgMOTE2Mzg0NjI2NDE4FQIAERgSQ0VGRTc2Q0Y0QTk0ODA5MDhFAA==
wamid.HBgMOTE2Mzg0NjI2NDE4FQIAERgSQ0VGRTc2Q0Y0QTk0ODA5MDhFAA==
wamid.HBgMOTE2Mzg0NjI2NDE4FQIAEhggOEQ4MkFDNTA3QkU4NzRENUM0ODk2QzI2RDgwQzE3MTUA
wamid.HBgMOTE2Mzg0NjI2NDE4FQIAERgSQjY1ODMwOUZGQUE3NDUyRTE1AA==
wamid.HBgMOTE2Mzg0NjI2NDE4FQIAERgSQjY1ODMwOUZGQUE3NDUyRTE1AA==
wamid.HBgMOTE2Mzg0NjI2NDE4FQIAEhggREI3QzdBRDQyNDg2OTNFODc0QjJGRDk2NzkwQzMwQkQA
wamid.HBgMOTE2Mzg0NjI2NDE4FQIAEhggREI3QzdBRDQyNDg2OTNFODc0QjJGRDk2NzkwQzMwQkQA
wamid.HBgMOTE2Mzg0NjI2NDE4FQIAEhggREI3QzdBRDQyNDg2OTNFODc0QjJGRDk2NzkwQzMwQkQA
wamid.HBgMOTE2Mzg0NjI2NDE4FQIAEhggREI3QzdBRDQyNDg2OTNFODc0QjJGRDk2NzkwQzMwQkQA
wamid.HBgMOTE2Mzg0NjI2NDE4FQIAEhggREI3QzdBRDQyNDg2OTNFODc0QjJGRDk2NzkwQzMwQkQA
wamid.HBgMOTE2Mzg0NjI2NDE4FQIAEhggREI3QzdBRDQyNDg2OTNFODc0QjJGRDk2NzkwQzMwQkQA
wamid.HBgMOTE2Mzg0NjI2NDE4FQIAEhggREI3QzdBRDQyNDg2OTNFODc0QjJGRDk2NzkwQzMwQkQA
wamid.HBgMOTE2Mzg0NjI2NDE4FQIAEhggREI3QzdBRDQyNDg2OTNFODc0QjJGRDk2NzkwQzMwQkQA
wamid.HBgMOTE2Mzg0NjI2NDE4FQIAEhggREI3QzdBRDQyNDg2OTNFODc0QjJGRDk2NzkwQzMwQkQA
wamid.HBgMOTE2Mzg0NjI2NDE4FQIAEhggREI3QzdBRDQyNDg2OTNFODc0QjJGRDk2NzkwQzMwQkQA
wamid.HBgMOTE2Mzg0NjI2NDE4FQIAEhggREI3QzdBRDQyNDg2OTNFODc0QjJGRDk2NzkwQzMwQkQA
wamid.HBgMOTE2Mzg0NjI2NDE4FQIAEhggREI3QzdBRDQyNDg2OTNFODc0QjJGRDk2NzkwQzMwQkQA
wamid.HBgMOTE2Mzg0NjI2NDE4FQIAEhggREI3QzdBRDQyNDg2OTNFODc0QjJGRDk2NzkwQzMwQkQA
wamid.HBgMOTE5MDI1NzE0NDQ1FQIAERgSODBCQkQwNTY2RThCMDg5QTBCAA==
wamid.HBgMOTE2Mzg0NjI2NDE4FQIAEhggREI3QzdBRDQyNDg2OTNFODc0QjJGRDk2NzkwQzMwQkQA
wamid.HBgMOTE2Mzg0NjI2NDE4FQIAERgSQzgxOERCM0M4MzUwMjA4Mzg3AA==
wamid.HBgMOTE2Mzg0NjI2NDE4FQIAERgSQzgxOERCM0M4MzUwMjA4Mzg3AA==
wamid.HBgMOTE2Mzg0NjI2NDE4FQIAEhggREI3QzdBRDQyNDg2OTNFODc0QjJGRDk2NzkwQzMwQkQA
wamid.HBgMOTE2Mzg0NjI2NDE4FQIAERgSOTdGMDY3RTEwMTg5MzY0Q0MyAA==
wamid.HBgMOTE2Mzg0NjI2NDE4FQIAERgSOTdGMDY3RTEwMTg5MzY0Q0MyAA==
wamid.HBgMOTE2Mzg0NjI2NDE4FQIAEhggREI3QzdBRDQyNDg2OTNFODc0QjJGRDk2NzkwQzMwQkQA
wamid.HBgMOTE2Mzg0NjI2NDE4FQIAEhggREI3QzdBRDQyNDg2OTNFODc0QjJGRDk2NzkwQzMwQkQA
wamid.HBgMOTE2Mzg0NjI2NDE4FQIAEhggREI3QzdBRDQyNDg2OTNFODc0QjJGRDk2NzkwQzMwQkQA
